<?xml version="1.0" encoding="UTF-8"?>
<robot generator="Robot 6.1.1 (Python 3.10.9 on win32)" generated="20230919 13:20:58.309" rpa="false" schemaversion="4">
<suite id="s1" name="Test" source="C:\Users\Komali P\PycharmProjects\automationproject\automation\test.robot">
<test id="s1-t1" name="Google" line="8">
<kw name="Open Browser" library="SeleniumLibrary">
<arg>https://www.google.com/</arg>
<arg>chrome</arg>
<doc>Opens a new browser instance to the optional ``url``.</doc>
<msg timestamp="20230919 13:20:59.195" level="INFO">Opening browser 'chrome' to base url 'https://www.google.com/'.</msg>
<status status="PASS" starttime="20230919 13:20:59.194" endtime="20230919 13:21:05.546"/>
</kw>
<kw name="Maximize Browser Window" library="SeleniumLibrary">
<doc>Maximizes current browser window.</doc>
<status status="PASS" starttime="20230919 13:21:05.584" endtime="20230919 13:21:05.856"/>
</kw>
<kw name="Sleep" library="BuiltIn">
<arg>10</arg>
<doc>Pauses the test executed for the given time.</doc>
<msg timestamp="20230919 13:21:15.858" level="INFO">Slept 10 seconds</msg>
<status status="PASS" starttime="20230919 13:21:05.856" endtime="20230919 13:21:15.858"/>
</kw>
<kw name="Close Browser" library="SeleniumLibrary">
<doc>Closes the current browser.</doc>
<status status="PASS" starttime="20230919 13:21:15.858" endtime="20230919 13:21:18.428"/>
</kw>
<status status="PASS" starttime="20230919 13:20:59.187" endtime="20230919 13:21:18.428"/>
</test>
<status status="PASS" starttime="20230919 13:20:58.315" endtime="20230919 13:21:18.430"/>
</suite>
<statistics>
<total>
<stat pass="1" fail="0" skip="0">All Tests</stat>
</total>
<tag>
</tag>
<suite>
<stat pass="1" fail="0" skip="0" id="s1" name="Test">Test</stat>
</suite>
</statistics>
<errors>
</errors>
</robot>
